Variant: bert
Loading data...
Loading BERT model: pretrained/bert-base-chinese
  BERT encoding 0/4094...
  BERT encoding 640/4094...
  BERT encoding 1280/4094...
  BERT encoding 1920/4094...
  BERT encoding 2560/4094...
  BERT encoding 3200/4094...
  BERT encoding 3840/4094...
BERT encoding done: torch.Size([4094, 768])
CondCascadeDataset: 4094 cascades, cond_dim=768
Data: 4094 cascades, train=3275, val=409, test=410, D_max=2, cond_dim=768
Ref lengths: mean=78.3, median=16
Model params: 966,823
Training...
[Step   100] loss=385.9035
[Step   200] loss=314.8299
[Step   300] loss=237.1637
[Step   400] loss=345.2820
[Step   500] loss=328.8687
[Step   600] loss=243.6763
[Step   700] loss=400.3902
[Step   800] loss=329.0425
[Step   900] loss=244.7627
[Step  1000] loss=200.5711
[Step  1100] loss=186.9407
[Step  1200] loss=181.3825
[Step  1300] loss=304.0067
[Step  1400] loss=344.2959
[Step  1500] loss=146.9370
[Step  1600] loss=248.8568
[Step  1700] loss=286.2320
[Step  1800] loss=254.6092
[Step  1900] loss=156.4231
[Step  2000] loss=314.1958
/gpfsnyu/home/gw2556/.conda/envs/T2S/lib/python3.10/site-packages/torch/nn/modules/transformer.py:408: UserWarning: The PyTorch API of nested tensors is in prototype stage and will change in the near future. (Triggered internally at ../aten/src/ATen/NestedTensorImpl.cpp:178.)
  output = torch._nested_tensor_from_mask(output, src_key_padding_mask.logical_not(), mask_check=False)
  [Eval] gen_mean=65.1 gen_median=24 ref_mean=78.3 W1=0.2595 ins=12258 del=13888 depth_dist=[117/9328/3579]
[Step  2100] loss=220.9037
[Step  2200] loss=289.0984
[Step  2300] loss=280.5821
[Step  2400] loss=282.5070
[Step  2500] loss=249.9753
[Step  2600] loss=259.9380
[Step  2700] loss=247.9187
[Step  2800] loss=331.2252
[Step  2900] loss=285.9883
[Step  3000] loss=247.8814
[Step  3100] loss=180.2866
[Step  3200] loss=122.2310
[Step  3300] loss=257.0432
[Step  3400] loss=311.0818
[Step  3500] loss=265.7530
[Step  3600] loss=147.7356
[Step  3700] loss=264.4890
[Step  3800] loss=243.8847
[Step  3900] loss=197.3168
[Step  4000] loss=302.4283
  [Eval] gen_mean=44.7 gen_median=12 ref_mean=78.3 W1=0.4328 ins=8863 del=11790 depth_dist=[53/7463/1430]
[Step  4100] loss=262.1940
[Step  4200] loss=201.7794
[Step  4300] loss=281.8940
[Step  4400] loss=313.9042
[Step  4500] loss=229.7600
[Step  4600] loss=129.5163
[Step  4700] loss=292.3638
[Step  4800] loss=238.5231
[Step  4900] loss=230.7870
[Step  5000] loss=203.4296
[Step  5100] loss=194.0214
[Step  5200] loss=216.4614
[Step  5300] loss=275.8172
[Step  5400] loss=272.8264
[Step  5500] loss=285.1577
[Step  5600] loss=354.0641
[Step  5700] loss=345.6346
[Step  5800] loss=230.9672
[Step  5900] loss=299.7776
[Step  6000] loss=324.9524
  [Eval] gen_mean=53.7 gen_median=16 ref_mean=78.3 W1=0.3414 ins=10671 del=14532 depth_dist=[71/8620/2054]
[Step  6100] loss=303.7926
[Step  6200] loss=268.5423
[Step  6300] loss=208.1848
[Step  6400] loss=256.8453
[Step  6500] loss=246.2699
[Step  6600] loss=239.0220
[Step  6700] loss=304.2585
[Step  6800] loss=196.6066
