Variant: bert
Loading data...
Loading BERT model: pretrained/bert-base-chinese
  BERT encoding 0/4094...
  BERT encoding 640/4094...
  BERT encoding 1280/4094...
  BERT encoding 1920/4094...
  BERT encoding 2560/4094...
  BERT encoding 3200/4094...
  BERT encoding 3840/4094...
BERT encoding done: torch.Size([4094, 768])
CondCascadeDataset: 4094 cascades, cond_dim=768
Data: 4094 cascades, train=3275, val=409, test=410, D_max=2, cond_dim=768
Ref lengths: mean=78.3, median=16
Model params: 966,824
Training...
[Step   100] loss=380.4340
[Step   200] loss=317.5697
[Step   300] loss=239.7216
[Step   400] loss=349.3700
[Step   500] loss=334.4634
[Step   600] loss=248.6116
[Step   700] loss=400.2349
[Step   800] loss=331.4865
[Step   900] loss=256.1660
[Step  1000] loss=200.1657
[Step  1100] loss=187.3111
[Step  1200] loss=194.2415
[Step  1300] loss=305.3094
[Step  1400] loss=342.8978
[Step  1500] loss=149.4037
[Step  1600] loss=250.8695
[Step  1700] loss=287.7092
[Step  1800] loss=255.7310
[Step  1900] loss=158.5894
[Step  2000] loss=314.9515
/gpfsnyu/home/gw2556/.conda/envs/T2S/lib/python3.10/site-packages/torch/nn/modules/transformer.py:408: UserWarning: The PyTorch API of nested tensors is in prototype stage and will change in the near future. (Triggered internally at ../aten/src/ATen/NestedTensorImpl.cpp:178.)
  output = torch._nested_tensor_from_mask(output, src_key_padding_mask.logical_not(), mask_check=False)
  [Eval] gen_mean=83.2 gen_median=22 ref_mean=78.3 W1=0.1808 ins=16319 del=14343 depth_dist=[117/12670/3843]
[Step  2100] loss=245.8675
[Step  2200] loss=292.4256
[Step  2300] loss=279.2895
[Step  2400] loss=288.6202
[Step  2500] loss=257.8484
[Step  2600] loss=260.7187
[Step  2700] loss=251.8831
[Step  2800] loss=335.9371
[Step  2900] loss=289.2412
[Step  3000] loss=256.3264
[Step  3100] loss=184.9072
[Step  3200] loss=132.1160
[Step  3300] loss=261.3414
[Step  3400] loss=317.5864
[Step  3500] loss=268.6079
[Step  3600] loss=156.0092
[Step  3700] loss=267.0480
[Step  3800] loss=254.4451
[Step  3900] loss=195.2493
[Step  4000] loss=314.6414
  [Eval] gen_mean=62.7 gen_median=14 ref_mean=78.3 W1=0.2389 ins=12573 del=11903 depth_dist=[44/10662/1837]
[Step  4100] loss=265.1756
[Step  4200] loss=205.7261
[Step  4300] loss=314.3622
[Step  4400] loss=337.6002
[Step  4500] loss=235.0958
[Step  4600] loss=135.2279
[Step  4700] loss=290.9096
[Step  4800] loss=253.6434
[Step  4900] loss=221.0986
[Step  5000] loss=214.6942
[Step  5100] loss=179.2539
[Step  5200] loss=220.0221
[Step  5300] loss=282.9552
[Step  5400] loss=279.1121
[Step  5500] loss=277.0381
[Step  5600] loss=368.8546
[Step  5700] loss=345.0406
[Step  5800] loss=221.3997
[Step  5900] loss=276.6327
[Step  6000] loss=353.9437
  [Eval] gen_mean=67.8 gen_median=12 ref_mean=78.3 W1=0.1905 ins=13536 del=14342 depth_dist=[57/12319/1185]
[Step  6100] loss=312.9237
[Step  6200] loss=272.2856
[Step  6300] loss=228.8306
[Step  6400] loss=224.7921
[Step  6500] loss=196.5383
[Step  6600] loss=261.8832
[Step  6700] loss=330.2770
[Step  6800] loss=185.8643
[Step  6900] loss=275.0868
[Step  7000] loss=275.8831
[Step  7100] loss=162.1441
[Step  7200] loss=303.2401
[Step  7300] loss=262.5305
[Step  7400] loss=270.8357
[Step  7500] loss=254.2190
[Step  7600] loss=214.4162
[Step  7700] loss=254.9799
[Step  7800] loss=219.8162
[Step  7900] loss=180.0586
[Step  8000] loss=336.2035
  [Eval] gen_mean=64.6 gen_median=14 ref_mean=78.3 W1=0.2437 ins=13283 del=13520 depth_dist=[71/12402/456]
[Step  8100] loss=245.3494
[Step  8200] loss=150.4791
[Step  8300] loss=189.3676
[Step  8400] loss=178.1284
[Step  8500] loss=347.3625
[Step  8600] loss=207.7951
[Step  8700] loss=150.8374
[Step  8800] loss=245.5619
[Step  8900] loss=221.9298
[Step  9000] loss=100.5968
[Step  9100] loss=263.7750
[Step  9200] loss=318.4050
[Step  9300] loss=224.9986
[Step  9400] loss=252.2012
[Step  9500] loss=259.5163
[Step  9600] loss=248.1700
[Step  9700] loss=313.9522
[Step  9800] loss=242.5491
[Step  9900] loss=247.9834
[Step 10000] loss=273.3125
  [Eval] gen_mean=116.8 gen_median=20 ref_mean=78.3 W1=0.4951 ins=23563 del=15536 depth_dist=[111/21403/1856]
[Step 10100] loss=190.5166
[Step 10200] loss=229.0571
[Step 10300] loss=220.0803
[Step 10400] loss=223.8135
[Step 10500] loss=149.8647
[Step 10600] loss=123.1563
[Step 10700] loss=257.1974
[Step 10800] loss=179.7909
[Step 10900] loss=222.6394
[Step 11000] loss=265.3454
[Step 11100] loss=195.4565
[Step 11200] loss=265.2313
[Step 11300] loss=266.7903
[Step 11400] loss=301.3508
[Step 11500] loss=256.0692
[Step 11600] loss=273.8761
[Step 11700] loss=219.0159
[Step 11800] loss=297.3196
[Step 11900] loss=141.0261
[Step 12000] loss=308.6859
  [Eval] gen_mean=117.1 gen_median=17 ref_mean=78.3 W1=0.4968 ins=23596 del=13961 depth_dist=[85/21738/1601]
[Step 12100] loss=333.8672
[Step 12200] loss=211.4216
