Variant: motive
Loading data...
CondCascadeDataset: 4094 cascades, cond_dim=14
Data: 4094 cascades, train=3275, val=409, test=410, D_max=2, cond_dim=14
Ref lengths: mean=78.3, median=16
Model params: 978,343
Training...
[Step   100] loss=223.1948
[Step   200] loss=335.0612
[Step   300] loss=239.3695
[Step   400] loss=210.9327
[Step   500] loss=247.7404
[Step   600] loss=224.9764
[Step   700] loss=280.8915
[Step   800] loss=273.9251
[Step   900] loss=147.9966
[Step  1000] loss=383.0265
[Step  1100] loss=261.1711
[Step  1200] loss=297.9632
[Step  1300] loss=215.0672
[Step  1400] loss=300.7536
[Step  1500] loss=241.5451
[Step  1600] loss=415.9872
[Step  1700] loss=332.7336
[Step  1800] loss=211.6812
[Step  1900] loss=376.2576
[Step  2000] loss=345.1591
/gpfsnyu/home/gw2556/.conda/envs/T2S/lib/python3.10/site-packages/torch/nn/modules/transformer.py:408: UserWarning: The PyTorch API of nested tensors is in prototype stage and will change in the near future. (Triggered internally at ../aten/src/ATen/NestedTensorImpl.cpp:178.)
  output = torch._nested_tensor_from_mask(output, src_key_padding_mask.logical_not(), mask_check=False)
  [Eval] gen_mean=88.1 gen_median=18 ref_mean=78.3 W1=0.1545 ins=17504 del=14536 depth_dist=[96/16027/1499]
[Step  2100] loss=235.0796
[Step  2200] loss=365.2478
[Step  2300] loss=283.2712
[Step  2400] loss=215.1814
[Step  2500] loss=328.8413
[Step  2600] loss=272.0205
[Step  2700] loss=180.5747
[Step  2800] loss=314.4374
[Step  2900] loss=149.2310
[Step  3000] loss=182.9739
[Step  3100] loss=209.7647
[Step  3200] loss=298.7427
[Step  3300] loss=181.2766
[Step  3400] loss=267.3805
[Step  3500] loss=195.1415
[Step  3600] loss=222.8212
[Step  3700] loss=286.9989
[Step  3800] loss=212.8716
[Step  3900] loss=263.0131
[Step  4000] loss=177.6819
  [Eval] gen_mean=53.7 gen_median=11 ref_mean=78.3 W1=0.3405 ins=10514 del=11640 depth_dist=[52/8160/2535]
[Step  4100] loss=229.9958
[Step  4200] loss=247.8282
[Step  4300] loss=251.6174
[Step  4400] loss=296.0308
[Step  4500] loss=211.5545
[Step  4600] loss=258.4472
[Step  4700] loss=194.7611
[Step  4800] loss=204.5201
[Step  4900] loss=183.3304
[Step  5000] loss=318.6145
[Step  5100] loss=202.5728
[Step  5200] loss=156.1368
[Step  5300] loss=228.2439
[Step  5400] loss=239.5578
[Step  5500] loss=291.2144
[Step  5600] loss=322.1581
[Step  5700] loss=271.4549
[Step  5800] loss=229.5057
[Step  5900] loss=230.3116
[Step  6000] loss=157.9650
  [Eval] gen_mean=54.6 gen_median=11 ref_mean=78.3 W1=0.3286 ins=11011 del=14844 depth_dist=[65/8607/2248]
[Step  6100] loss=191.0039
[Step  6200] loss=245.6070
[Step  6300] loss=556.7324
[Step  6400] loss=320.0151
[Step  6500] loss=176.1960
[Step  6600] loss=294.5742
[Step  6700] loss=160.5942
[Step  6800] loss=247.7395
[Step  6900] loss=255.6068
[Step  7000] loss=93.4613
[Step  7100] loss=219.6752
[Step  7200] loss=240.1842
[Step  7300] loss=231.9897
[Step  7400] loss=313.6209
[Step  7500] loss=314.0760
[Step  7600] loss=317.2963
[Step  7700] loss=276.8244
[Step  7800] loss=226.8022
[Step  7900] loss=328.5936
[Step  8000] loss=184.4619
  [Eval] gen_mean=105.2 gen_median=12 ref_mean=78.3 W1=0.3772 ins=21182 del=16381 depth_dist=[61/18390/2583]
[Step  8100] loss=188.0619
[Step  8200] loss=150.3115
[Step  8300] loss=273.4707
[Step  8400] loss=228.1314
[Step  8500] loss=204.5316
[Step  8600] loss=183.1828
[Step  8700] loss=221.6861
[Step  8800] loss=274.1792
[Step  8900] loss=249.4403
[Step  9000] loss=309.1391
[Step  9100] loss=276.8590
[Step  9200] loss=248.8791
[Step  9300] loss=181.4600
[Step  9400] loss=198.7539
[Step  9500] loss=296.9951
[Step  9600] loss=233.9050
[Step  9700] loss=114.7982
