Variant: flat
Loading data...
Data: 4094 cascades, train=3275, val=409, test=410, D_max=2
Ref lengths: mean=78.3, median=16
Model params: 851,557
Training...
[Step   100] loss=322.9612
[Step   200] loss=267.3516
[Step   300] loss=366.4208
[Step   400] loss=365.4579
[Step   500] loss=299.8412
[Step   600] loss=174.1384
[Step   700] loss=473.5040
[Step   800] loss=237.6541
[Step   900] loss=217.9376
[Step  1000] loss=282.1165
[Step  1100] loss=310.2169
[Step  1200] loss=344.4080
[Step  1300] loss=251.6181
[Step  1400] loss=413.6482
[Step  1500] loss=259.9136
[Step  1600] loss=418.7244
[Step  1700] loss=195.6001
[Step  1800] loss=287.6173
[Step  1900] loss=350.9393
[Step  2000] loss=286.0390
/gpfsnyu/home/gw2556/.conda/envs/T2S/lib/python3.10/site-packages/torch/nn/modules/transformer.py:408: UserWarning: The PyTorch API of nested tensors is in prototype stage and will change in the near future. (Triggered internally at ../aten/src/ATen/NestedTensorImpl.cpp:178.)
  output = torch._nested_tensor_from_mask(output, src_key_padding_mask.logical_not(), mask_check=False)
  [Eval] gen_mean=70.9 gen_median=26 ref_mean=78.3 W1=0.2406 ins=11706 del=12181 depth_dist=[14179]
[Step  2100] loss=369.6191
[Step  2200] loss=355.3745
[Step  2300] loss=236.2358
[Step  2400] loss=421.2768
[Step  2500] loss=234.4918
[Step  2600] loss=268.9863
[Step  2700] loss=277.1565
[Step  2800] loss=376.6580
[Step  2900] loss=335.6959
[Step  3000] loss=335.1581
[Step  3100] loss=279.8161
[Step  3200] loss=539.1496
[Step  3300] loss=228.0352
[Step  3400] loss=230.7061
[Step  3500] loss=304.8109
[Step  3600] loss=170.6528
[Step  3700] loss=208.8046
[Step  3800] loss=311.4614
[Step  3900] loss=198.1671
[Step  4000] loss=184.8635
  [Eval] gen_mean=87.3 gen_median=32 ref_mean=78.3 W1=0.2323 ins=16651 del=11058 depth_dist=[17466]
[Step  4100] loss=214.7880
[Step  4200] loss=262.5070
[Step  4300] loss=241.9904
[Step  4400] loss=272.1656
[Step  4500] loss=266.3356
[Step  4600] loss=251.0628
[Step  4700] loss=373.8209
[Step  4800] loss=247.4735
[Step  4900] loss=338.6582
[Step  5000] loss=273.7160
[Step  5100] loss=247.5125
[Step  5200] loss=241.5879
[Step  5300] loss=285.9385
[Step  5400] loss=284.7358
[Step  5500] loss=287.9424
[Step  5600] loss=236.6719
[Step  5700] loss=441.5285
[Step  5800] loss=198.9801
[Step  5900] loss=223.1503
[Step  6000] loss=205.4849
  [Eval] gen_mean=105.0 gen_median=33 ref_mean=78.3 W1=0.3802 ins=20433 del=12864 depth_dist=[20991]
[Step  6100] loss=277.1476
[Step  6200] loss=260.5399
[Step  6300] loss=305.9227
[Step  6400] loss=250.8694
[Step  6500] loss=249.1845
[Step  6600] loss=254.8856
[Step  6700] loss=245.0839
[Step  6800] loss=253.5572
[Step  6900] loss=203.0635
[Step  7000] loss=238.4517
[Step  7100] loss=228.8705
[Step  7200] loss=331.5919
[Step  7300] loss=422.5187
[Step  7400] loss=237.2012
[Step  7500] loss=174.8622
[Step  7600] loss=304.6584
[Step  7700] loss=308.1634
[Step  7800] loss=191.9698
[Step  7900] loss=205.5815
[Step  8000] loss=242.1921
  [Eval] gen_mean=142.1 gen_median=72 ref_mean=78.3 W1=0.8165 ins=27105 del=14440 depth_dist=[28429]
[Step  8100] loss=270.2881
[Step  8200] loss=236.0217
[Step  8300] loss=291.8478
[Step  8400] loss=373.4727
[Step  8500] loss=309.3084
[Step  8600] loss=268.3241
[Step  8700] loss=407.4436
[Step  8800] loss=225.4123
[Step  8900] loss=336.9731
[Step  9000] loss=240.0193
[Step  9100] loss=297.0909
[Step  9200] loss=204.5337
[Step  9300] loss=292.7361
[Step  9400] loss=248.0836
[Step  9500] loss=336.0515
[Step  9600] loss=335.0703
[Step  9700] loss=257.4470
[Step  9800] loss=345.9720
[Step  9900] loss=444.1032
[Step 10000] loss=273.6566
  [Eval] gen_mean=149.0 gen_median=44 ref_mean=78.3 W1=0.9035 ins=28656 del=18806 depth_dist=[29791]
[Step 10100] loss=233.2520
[Step 10200] loss=245.0173
[Step 10300] loss=380.0352
[Step 10400] loss=197.3598
[Step 10500] loss=356.2869
[Step 10600] loss=223.1043
[Step 10700] loss=252.0830
[Step 10800] loss=268.3018
[Step 10900] loss=236.4552
[Step 11000] loss=253.7458
[Step 11100] loss=258.6006
[Step 11200] loss=250.1998
[Step 11300] loss=195.1141
[Step 11400] loss=221.1395
[Step 11500] loss=260.1334
[Step 11600] loss=252.6731
[Step 11700] loss=338.6664
[Step 11800] loss=213.0168
[Step 11900] loss=159.1381
[Step 12000] loss=358.9440
  [Eval] gen_mean=89.6 gen_median=29 ref_mean=78.3 W1=0.3264 ins=16925 del=12889 depth_dist=[17922]
[Step 12100] loss=137.1096
[Step 12200] loss=267.4633
[Step 12300] loss=256.2764
[Step 12400] loss=233.9459
[Step 12500] loss=194.0921
[Step 12600] loss=220.1554
[Step 12700] loss=361.5162
[Step 12800] loss=334.4367
[Step 12900] loss=296.3026
[Step 13000] loss=234.1688
[Step 13100] loss=281.2305
[Step 13200] loss=287.4414
[Step 13300] loss=318.4583
[Step 13400] loss=229.0603
[Step 13500] loss=264.4410
[Step 13600] loss=231.6418
[Step 13700] loss=283.8379
[Step 13800] loss=205.4429
[Step 13900] loss=174.7079
[Step 14000] loss=253.7075
  [Eval] gen_mean=123.2 gen_median=38 ref_mean=78.3 W1=0.5746 ins=24007 del=14675 depth_dist=[24640]
[Step 14100] loss=213.5933
[Step 14200] loss=395.2854
[Step 14300] loss=365.9680
[Step 14400] loss=270.6454
[Step 14500] loss=266.4808
[Step 14600] loss=355.1226
[Step 14700] loss=255.6280
[Step 14800] loss=200.8031
[Step 14900] loss=154.8474
[Step 15000] loss=207.6383
[Step 15100] loss=166.2578
[Step 15200] loss=277.3916
[Step 15300] loss=143.3948
[Step 15400] loss=204.5895
[Step 15500] loss=294.3061
[Step 15600] loss=227.4229
[Step 15700] loss=293.9673
[Step 15800] loss=183.0338
[Step 15900] loss=236.8387
[Step 16000] loss=245.7487
  [Eval] gen_mean=107.9 gen_median=35 ref_mean=78.3 W1=0.3789 ins=21469 del=12333 depth_dist=[21573]
[Step 16100] loss=260.9170
[Step 16200] loss=189.4331
[Step 16300] loss=240.7562
[Step 16400] loss=199.0529
[Step 16500] loss=186.0599
[Step 16600] loss=318.9946
[Step 16700] loss=270.3285
[Step 16800] loss=210.0674
[Step 16900] loss=267.2226
[Step 17000] loss=377.6188
[Step 17100] loss=420.8875
[Step 17200] loss=447.1711
[Step 17300] loss=126.4677
[Step 17400] loss=248.7662
[Step 17500] loss=222.1069
[Step 17600] loss=134.4391
[Step 17700] loss=291.2600
[Step 17800] loss=244.9948
[Step 17900] loss=185.6500
[Step 18000] loss=216.8976
  [Eval] gen_mean=137.0 gen_median=48 ref_mean=78.3 W1=0.7513 ins=26700 del=16324 depth_dist=[27409]
[Step 18100] loss=281.9507
[Step 18200] loss=212.2753
[Step 18300] loss=223.2650
[Step 18400] loss=256.4951
[Step 18500] loss=261.1411
[Step 18600] loss=397.8612
[Step 18700] loss=356.5388
[Step 18800] loss=386.3445
[Step 18900] loss=209.2644
[Step 19000] loss=194.1050
[Step 19100] loss=313.7941
[Step 19200] loss=252.1519
[Step 19300] loss=181.5709
[Step 19400] loss=363.0011
[Step 19500] loss=308.3527
[Step 19600] loss=323.7943
[Step 19700] loss=369.6909
[Step 19800] loss=254.3552
[Step 19900] loss=332.3949
[Step 20000] loss=192.1430
  [Eval] gen_mean=117.7 gen_median=32 ref_mean=78.3 W1=0.5043 ins=23014 del=15475 depth_dist=[23543]
[Step 20100] loss=250.9666
[Step 20200] loss=332.2385
[Step 20300] loss=244.0556
[Step 20400] loss=252.4332
[Step 20500] loss=258.6462
[Step 20600] loss=196.5860
[Step 20700] loss=167.1467
[Step 20800] loss=385.8416
[Step 20900] loss=178.5356
[Step 21000] loss=219.6923
[Step 21100] loss=226.1485
[Step 21200] loss=313.5179
[Step 21300] loss=197.6208
[Step 21400] loss=312.5140
[Step 21500] loss=364.2897
[Step 21600] loss=378.0211
[Step 21700] loss=368.1647
[Step 21800] loss=236.0709
[Step 21900] loss=443.1085
[Step 22000] loss=334.7845
  [Eval] gen_mean=135.7 gen_median=31 ref_mean=78.3 W1=0.7341 ins=26482 del=14123 depth_dist=[27140]
[Step 22100] loss=357.5357
[Step 22200] loss=312.4401
[Step 22300] loss=267.2523
[Step 22400] loss=346.9011
[Step 22500] loss=246.8774
[Step 22600] loss=350.6437
[Step 22700] loss=321.7218
[Step 22800] loss=143.8103
[Step 22900] loss=213.9035
[Step 23000] loss=342.1724
[Step 23100] loss=276.0627
[Step 23200] loss=198.9565
[Step 23300] loss=318.7168
[Step 23400] loss=203.1682
[Step 23500] loss=253.8382
[Step 23600] loss=176.5189
[Step 23700] loss=298.8295
[Step 23800] loss=336.0312
[Step 23900] loss=255.3889
[Step 24000] loss=348.0048
  [Eval] gen_mean=114.4 gen_median=51 ref_mean=78.3 W1=0.5023 ins=21819 del=13417 depth_dist=[22879]
[Step 24100] loss=200.5074
[Step 24200] loss=111.6508
[Step 24300] loss=239.7817
[Step 24400] loss=286.7076
[Step 24500] loss=235.1762
[Step 24600] loss=202.4847
[Step 24700] loss=289.6878
[Step 24800] loss=269.2370
[Step 24900] loss=439.3694
[Step 25000] loss=284.8166
[Step 25100] loss=401.3588
[Step 25200] loss=261.9922
[Step 25300] loss=284.1252
[Step 25400] loss=204.2028
[Step 25500] loss=233.7090
[Step 25600] loss=176.5220
[Step 25700] loss=338.1172
[Step 25800] loss=232.9461
[Step 25900] loss=302.4455
[Step 26000] loss=364.5922
  [Eval] gen_mean=127.6 gen_median=38 ref_mean=78.3 W1=0.6310 ins=25295 del=15102 depth_dist=[25526]
[Step 26100] loss=295.5832
[Step 26200] loss=370.9687
[Step 26300] loss=343.1094
[Step 26400] loss=453.7623
[Step 26500] loss=381.2516
[Step 26600] loss=252.0677
[Step 26700] loss=224.1613
[Step 26800] loss=231.3650
[Step 26900] loss=311.7934
[Step 27000] loss=432.9798
[Step 27100] loss=275.2519
[Step 27200] loss=312.9540
[Step 27300] loss=324.7113
[Step 27400] loss=157.1459
[Step 27500] loss=269.4942
[Step 27600] loss=230.5234
[Step 27700] loss=285.3300
[Step 27800] loss=281.7103
[Step 27900] loss=129.9240
[Step 28000] loss=362.7265
  [Eval] gen_mean=111.1 gen_median=28 ref_mean=78.3 W1=0.4243 ins=21841 del=12244 depth_dist=[22217]
[Step 28100] loss=331.3605
[Step 28200] loss=221.5844
[Step 28300] loss=352.4945
[Step 28400] loss=191.4229
[Step 28500] loss=324.8968
[Step 28600] loss=283.4124
[Step 28700] loss=267.5621
[Step 28800] loss=332.1211
[Step 28900] loss=197.7890
[Step 29000] loss=179.0513
[Step 29100] loss=269.2884
[Step 29200] loss=334.1206
[Step 29300] loss=246.3654
[Step 29400] loss=361.2827
[Step 29500] loss=261.7347
[Step 29600] loss=160.1555
[Step 29700] loss=188.5728
[Step 29800] loss=262.6507
[Step 29900] loss=291.5989
[Step 30000] loss=207.6651
  [Eval] gen_mean=119.8 gen_median=56 ref_mean=78.3 W1=0.5357 ins=23169 del=13556 depth_dist=[23958]
Training complete. Best W1: 0.2323
