Variant: motive
Loading data...
CondCascadeDataset: 4094 cascades, cond_dim=14
Data: 4094 cascades, train=3275, val=409, test=410, D_max=2, cond_dim=14
Ref lengths: mean=78.3, median=16
Model params: 870,311
Training...
[Step   100] loss=209.6538
[Step   200] loss=291.9401
[Step   300] loss=287.7023
[Step   400] loss=206.4745
[Step   500] loss=310.4014
[Step   600] loss=202.7980
[Step   700] loss=216.0573
[Step   800] loss=213.8663
[Step   900] loss=311.2254
[Step  1000] loss=248.2843
[Step  1100] loss=259.4639
[Step  1200] loss=152.9944
[Step  1300] loss=241.0063
[Step  1400] loss=312.9073
[Step  1500] loss=254.8239
[Step  1600] loss=280.4695
[Step  1700] loss=247.5557
[Step  1800] loss=345.3226
[Step  1900] loss=272.2559
[Step  2000] loss=301.2040
/gpfsnyu/home/gw2556/.conda/envs/T2S/lib/python3.10/site-packages/torch/nn/modules/transformer.py:408: UserWarning: The PyTorch API of nested tensors is in prototype stage and will change in the near future. (Triggered internally at ../aten/src/ATen/NestedTensorImpl.cpp:178.)
  output = torch._nested_tensor_from_mask(output, src_key_padding_mask.logical_not(), mask_check=False)
  [Eval] gen_mean=117.5 gen_median=30 ref_mean=78.3 W1=0.5022 ins=23176 del=14320 depth_dist=[91/20688/2731]
[Step  2100] loss=324.5243
[Step  2200] loss=257.5229
[Step  2300] loss=209.7015
[Step  2400] loss=325.0934
[Step  2500] loss=293.8150
[Step  2600] loss=274.0690
[Step  2700] loss=335.6829
[Step  2800] loss=201.3711
[Step  2900] loss=308.3817
[Step  3000] loss=152.3447
[Step  3100] loss=282.1215
[Step  3200] loss=243.3340
[Step  3300] loss=269.0725
[Step  3400] loss=225.2882
[Step  3500] loss=207.0724
[Step  3600] loss=406.6533
[Step  3700] loss=310.7125
[Step  3800] loss=227.7731
[Step  3900] loss=257.8388
[Step  4000] loss=290.3996
  [Eval] gen_mean=102.7 gen_median=15 ref_mean=78.3 W1=0.3212 ins=20843 del=14247 depth_dist=[78/15223/5243]
[Step  4100] loss=149.6498
[Step  4200] loss=204.7017
[Step  4300] loss=376.3907
[Step  4400] loss=209.7523
[Step  4500] loss=274.4170
[Step  4600] loss=214.7226
[Step  4700] loss=179.4457
[Step  4800] loss=295.1260
[Step  4900] loss=221.6821
[Step  5000] loss=228.8408
[Step  5100] loss=430.5445
[Step  5200] loss=276.5022
[Step  5300] loss=260.7690
[Step  5400] loss=272.2590
[Step  5500] loss=240.7817
[Step  5600] loss=291.1171
[Step  5700] loss=193.0899
[Step  5800] loss=255.8311
[Step  5900] loss=234.6549
[Step  6000] loss=409.1326
  [Eval] gen_mean=120.3 gen_median=22 ref_mean=78.3 W1=0.5372 ins=23789 del=14458 depth_dist=[103/20297/3659]
[Step  6100] loss=169.4587
[Step  6200] loss=240.1965
[Step  6300] loss=300.7295
[Step  6400] loss=405.7119
[Step  6500] loss=268.7635
[Step  6600] loss=217.7838
[Step  6700] loss=321.0689
[Step  6800] loss=220.4150
[Step  6900] loss=300.6189
[Step  7000] loss=196.3429
